--
* Mon Jul  5 12:37:07 UTC 2021
* Mon Jul  5 12:45:46 UTC 2021
* Tue Jul  6 03:50:23 UTC 2021
* Wed Jul  7 01:28:05 UTC 2021
* Wed Jul  7 01:56:35 UTC 2021
* Thu Jul  8 01:27:46 UTC 2021
* Fri Jul  9 01:28:23 UTC 2021
* Sat Jul 10 01:26:41 UTC 2021
* Sun Jul 11 01:29:21 UTC 2021
* Mon Jul 12 01:27:25 UTC 2021
* Tue Jul 13 01:28:41 UTC 2021
* Wed Jul 14 01:26:48 UTC 2021
* Thu Jul 15 01:29:00 UTC 2021
* Fri Jul 16 01:28:53 UTC 2021
* Sat Jul 17 01:26:46 UTC 2021
* Sun Jul 18 01:28:49 UTC 2021
* Mon Jul 19 01:28:18 UTC 2021
* Tue Jul 20 01:29:24 UTC 2021
* Wed Jul 21 01:28:35 UTC 2021
* Thu Jul 22 01:29:32 UTC 2021
* Fri Jul 23 01:28:33 UTC 2021
* Sat Jul 24 01:27:52 UTC 2021
* Sun Jul 25 01:28:16 UTC 2021
* Mon Jul 26 01:28:54 UTC 2021
* Tue Jul 27 01:29:35 UTC 2021
* Wed Jul 28 01:29:42 UTC 2021
* Thu Jul 29 01:27:53 UTC 2021
* Fri Jul 30 01:30:22 UTC 2021
* Sat Jul 31 01:27:33 UTC 2021
